;  LST file generated by mikroListExporter - v.2.0 
; Date/Time: 09/11/2023 03:21:49 ã
;----------------------------------------------

;Address Opcode 	ASM
0x0000	0xF000EF16  	GOTO        44
0x0004	0x0000      	NOP
0x0006	0x0000      	NOP
0x0008	0xF000EF00  	GOTO        0
0x000C	0x0000      	NOP
0x000E	0x0000      	NOP
0x0010	0x0000      	NOP
0x0012	0x0000      	NOP
0x0014	0x0000      	NOP
0x0016	0x0000      	NOP
0x0018	0xD7F3      	BRA         0
___CC2DW:
;__Lib_System.c,21 :: 		
;__Lib_System.c,23 :: 		
_CC2DL_Loop1:
;__Lib_System.c,24 :: 		
0x001C	0x0009      	TBLRD*+
;__Lib_System.c,25 :: 		
0x001E	0xFFE6CFF5  	MOVFF       TABLAT, POSTINC1
;__Lib_System.c,26 :: 		
0x0022	0x0600      	DECF        R0, 1, 0
;__Lib_System.c,27 :: 		
0x0024	0xE1FB      	BNZ         _CC2DL_Loop1
;__Lib_System.c,28 :: 		
0x0026	0x0601      	DECF        R1, 1, 0
;__Lib_System.c,29 :: 		
0x0028	0xE1F9      	BNZ         _CC2DL_Loop1
;__Lib_System.c,31 :: 		
L_end___CC2DW:
0x002A	0x0012      	RETURN      0
; end of ___CC2DW
_main:
;MyProject.c,1 :: 		int main() {
;MyProject.c,3 :: 		char i = 0;
0x002C	0x6A15      	CLRF        main_i_L0 
0x002E	0x0E08      	MOVLW       8
0x0030	0x6E16      	MOVWF       main_led_L0 
0x0032	0x0E14      	MOVLW       20
0x0034	0x6E17      	MOVWF       main_led_L0+1 
0x0036	0x0E1C      	MOVLW       28
0x0038	0x6E18      	MOVWF       main_led_L0+2 
0x003A	0x0E63      	MOVLW       99
0x003C	0x6E19      	MOVWF       main_led_L0+3 
0x003E	0x0E6B      	MOVLW       107
0x0040	0x6E1A      	MOVWF       main_led_L0+4 
0x0042	0x0E77      	MOVLW       119
0x0044	0x6E1B      	MOVWF       main_led_L0+5 
;MyProject.c,6 :: 		TRISD = 0;  // Configure PORTD as an output
0x0046	0x6A95      	CLRF        TRISD 
;MyProject.c,7 :: 		LATD=0B11111111;
0x0048	0x0EFF      	MOVLW       255
0x004A	0x6E8C      	MOVWF       LATD 
;MyProject.c,8 :: 		delay_ms(3000);
0x004C	0x0E10      	MOVLW       16
0x004E	0x6E0B      	MOVWF       R11, 0
0x0050	0x0E39      	MOVLW       57
0x0052	0x6E0C      	MOVWF       R12, 0
0x0054	0x0E0D      	MOVLW       13
0x0056	0x6E0D      	MOVWF       R13, 0
L_main0:
0x0058	0x2E0D      	DECFSZ      R13, 1, 0
0x005A	0xD7FE      	BRA         L_main0
0x005C	0x2E0C      	DECFSZ      R12, 1, 0
0x005E	0xD7FC      	BRA         L_main0
0x0060	0x2E0B      	DECFSZ      R11, 1, 0
0x0062	0xD7FA      	BRA         L_main0
0x0064	0x0000      	NOP
0x0066	0x0000      	NOP
;MyProject.c,9 :: 		LATD = 0;
0x0068	0x6A8C      	CLRF        LATD 
;MyProject.c,10 :: 		while (1) {
L_main1:
;MyProject.c,11 :: 		i+=1; // incrment for i usulally
0x006A	0x2A15      	INCF        main_i_L0, 1 
;MyProject.c,12 :: 		if (i == 6){   // to set range between 0 and 5
0x006C	0x5015      	MOVF        main_i_L0, 0 
0x006E	0x0A06      	XORLW       6
0x0070	0xB4D8      	BTFSC       STATUS, 2 
;MyProject.c,13 :: 		i =0;
0x0072	0x6A15      	CLRF        main_i_L0 
;MyProject.c,14 :: 		}
L_main3:
;MyProject.c,15 :: 		if (PORTB.RB7 == 1) {
0x0074	0xAE81      	BTFSS       PORTB, 7 
0x0076	0xD01A      	BRA         L_main4
;MyProject.c,16 :: 		randomValue = led[i]; // set a random number from array  0 to 5
0x0078	0x0E16      	MOVLW       main_led_L0
0x007A	0x6EE9      	MOVWF       FSR0L 
0x007C	0x0E00      	MOVLW       hi_addr(main_led_L0)
0x007E	0x6EEA      	MOVWF       FSR0H 
0x0080	0x5015      	MOVF        main_i_L0, 0 
0x0082	0x26E9      	ADDWF       FSR0L, 1 
0x0084	0xB0D8      	BTFSC       STATUS, 0 
0x0086	0x2AEA      	INCF        FSR0H, 1 
0x0088	0xFF8CCFEE  	MOVFF       POSTINC0, LATD
;MyProject.c,18 :: 		LATD = randomValue ;  // Set the corresponding LED pattern      '
;MyProject.c,20 :: 		delay_ms(3000);
0x008C	0x0E10      	MOVLW       16
0x008E	0x6E0B      	MOVWF       R11, 0
0x0090	0x0E39      	MOVLW       57
0x0092	0x6E0C      	MOVWF       R12, 0
0x0094	0x0E0D      	MOVLW       13
0x0096	0x6E0D      	MOVWF       R13, 0
L_main5:
0x0098	0x2E0D      	DECFSZ      R13, 1, 0
0x009A	0xD7FE      	BRA         L_main5
0x009C	0x2E0C      	DECFSZ      R12, 1, 0
0x009E	0xD7FC      	BRA         L_main5
0x00A0	0x2E0B      	DECFSZ      R11, 1, 0
0x00A2	0xD7FA      	BRA         L_main5
0x00A4	0x0000      	NOP
0x00A6	0x0000      	NOP
;MyProject.c,21 :: 		LATD = 0;
0x00A8	0x6A8C      	CLRF        LATD 
;MyProject.c,22 :: 		i = 0;
0x00AA	0x6A15      	CLRF        main_i_L0 
;MyProject.c,23 :: 		}
L_main4:
;MyProject.c,25 :: 		}
0x00AC	0xD7DE      	BRA         L_main1
;MyProject.c,27 :: 		}
L_end_main:
0x00AE	0xD7FF      	BRA         $+0
; end of _main
Symbol List:
//** Routines locations **
//ADDRESS    SIZE    PROCEDURE
//----------------------------------------------
0x001C      [16]    ___CC2DW
0x002C     [132]    _main
//** Variables locations ** 
//ADDRESS    SIZE    VARIABLE
//----------------------------------------------
0x0000       [1]    __Lib_SoftI2C_PutZerosToLATScl_temp_scl_L0
0x0000       [1]    R0
0x0000       [1]    UART1_Init_tmp_L0
0x0000       [1]    FLASH_Erase_64_SaveINTCON_L0
0x0000       [1]    EEPROM_Write_SaveINTCON_L0
0x0000       [1]    __Lib_SoftI2C_PutZerosToLATSda_temp_sda_L0
0x0000       [1]    SPI1_Write_tmp_L0
0x0001       [1]    UART1_Read___tmp_UART1_Read_L0
0x0001       [1]    FLASH_Erase_Write_64_i_L0
0x0001       [1]    __Lib_TFT_JPEG_FileReadBytes_Result_L0
0x0001       [1]    __Lib_TFT_16bit_JPEG_FileRead_i_L0
0x0001       [1]    __Lib_TFT_JPEG_FileRead_i_L0
0x0001       [1]    R1
0x0001       [1]    __Lib_PS2_Wait_Falling_nsample_L0
0x0001       [1]    ispunct_rslt_L0
0x0001       [1]    __Lib_TFT_16bit_JPEG_FileReadBytes_Result_L0
0x0001       [1]    __Lib_USB_genHID_?FLOC____Lib_USB_genHID_USB_Handle_BusyT1
0x0001       [1]    FLASH_Write_32_i_L0
0x0001       [2]    FLASH_Read_N_Bytes_i_L0
0x0002       [1]    __Lib_USB_genHID_USB_CtrlTrf_Rx_Service_byteToRead_L0
0x0002       [1]    FLASH_Erase_Write_64_j_L0
0x0002       [2]    memset_pp_L0
0x0002       [2]    memcpy_dd_L0
0x0002       [1]    R2
0x0002       [1]    FLASH_Write_32_SaveINTCON_L0
0x0002       [2]    strlen_cp_L0
0x0002       [2]    memchr_s_L0
0x0003       [2]    MM_TotalFreeMemSize_Tot_L0
0x0003       [2]    Ltrim_original_L0
0x0003       [1]    R3
0x0003       [1]    MM_Init_i_L0
0x0003       [1]    FLASH_Erase_Write_64_SaveINTCON_L0
0x0003       [2]    __Lib_USB_genHID_USB_CtrlTrf_Tx_Service_byteToSend_L0
0x0003       [2]    memmove_tt_L0
0x0003       [2]    __Lib_MmcFat16_f16_toInt_l_L0
0x0003       [1]    __Lib_USB_genHID_USB_CtrlTrf_Rx_Service_i_L0
0x0003       [1]    __Lib_Sprinti_?FLOC____Lib_Sprinti_Do_FillT29
0x0004       [2]    memcpy_ss_L0
0x0004       [1]    __Lib_USB_genHID_GetMaxIndexInDevDsc_index_L0
0x0004       [2]    __Lib_USB_genHID_USB_Std_Feature_Req_Handler_p_L0
0x0004       [2]    __Lib_MemManager_MM_GetMemAlign_P_L0
0x0004       [1]    R4
0x0004       [2]    __Lib_USB_genHID_USB_Transfer_Packet_handle_L0
0x0004       [2]    strncat_cp_L0
0x0004       [1]    __Lib_Sprinti_?FLOC____Lib_Sprinti_Do_FillT40
0x0004       [2]    __Lib_USB_genHID_USB_Get_Status_Handler_p_L2
0x0004       [2]    strcat_cp_L0
0x0004       [2]    strncpy_cp_L0
0x0004       [2]    strcpy_cp_L0
0x0004       [2]    frexp_pom_L0
0x0005       [2]    memmove_ff_L0
0x0005       [2]    LongIntToHex_input_half_L0
0x0005       [2]    LongWordToHex_input_half_L0
0x0005       [1]    MM_TotalFreeMemSize_i_L0
0x0005       [1]    __Lib_Sprinti_?FLOC____Lib_Sprinti_Do_FillT54
0x0005       [2]    Ltrim_p_L0
0x0005       [1]    R5
0x0006       [1]    __Lib_Sprinti_?FLOC____Lib_Sprinti_Do_FillT69
0x0006       [1]    R6
0x0006       [2]    __Lib_USB_genHID_GetMaxIndexInConfigDsc_totalLen_L0
0x0006       [1]    __Lib_MemManager_MM_GetMemAlign_i_L0
0x0007       [1]    __Lib_TFT_JPEG_GenerateHuffmanTables_bLength_L0
0x0007       [1]    R7
0x0007       [1]    __Lib_TFT_16bit_JPEG_GenerateHuffmanTables_bLength_L0
0x0008       [1]    R8
0x0008       [3]    __Lib_USB_genHID_GetMaxIndexInConfigDsc_ptr_L0
0x0008       [1]    __Lib_TFT_JPEG_GenerateHuffmanTables_bTable_L0
0x0008       [1]    __Lib_TFT_16bit_JPEG_GenerateHuffmanTables_bTable_L0
0x0009       [4]    __Lib_MmcFat16_f16_toLong_l_L0
0x0009       [1]    R9
0x000A       [1]    R10
0x000B       [1]    R11
0x000C       [1]    R12
0x000D       [1]    R13
0x000E       [1]    R14
0x000F       [1]    R15
0x0010       [1]    R16
0x0011       [1]    R17
0x0012       [1]    R18
0x0013       [1]    R19
0x0014       [1]    R20
0x0015       [1]    main_i_L0
0x0016       [6]    main_led_L0
0x0F81       [1]    PORTB
0x0F8C       [1]    LATD
0x0F95       [1]    TRISD
0x0FD8       [1]    STATUS
0x0FD9       [1]    FSR2L
0x0FDA       [1]    FSR2H
0x0FDE       [1]    POSTINC2
0x0FE0       [1]    BSR
0x0FE1       [1]    FSR1L
0x0FE2       [1]    FSR1H
0x0FE4       [1]    PREINC1
0x0FE6       [1]    POSTINC1
0x0FE7       [1]    INDF1
0x0FE8       [1]    WREG
0x0FE9       [1]    FSR0L
0x0FEA       [1]    FSR0H
0x0FEE       [1]    POSTINC0
0x0FF3       [1]    PRODL
0x0FF4       [1]    PRODH
0x0FF5       [1]    TABLAT
0x0FF6       [1]    TBLPTRL
0x0FF7       [1]    TBLPTRH
0x0FF8       [1]    TBLPTRU
