;  LST file generated by mikroListExporter - v.2.0 
; Date/Time: 02/11/2023 06:06:20 ã
;----------------------------------------------

;Address Opcode 	ASM
0x0000	0xF000EF0E  	GOTO        28
0x0004	0x0000      	NOP
0x0006	0x0000      	NOP
0x0008	0xF000EF00  	GOTO        0
0x000C	0x0000      	NOP
0x000E	0x0000      	NOP
0x0010	0x0000      	NOP
0x0012	0x0000      	NOP
0x0014	0x0000      	NOP
0x0016	0x0000      	NOP
0x0018	0xD7F3      	BRA         0
_main:
;task_1_led.c,3 :: 		void main() {
;task_1_led.c,4 :: 		TRISC = 0B00000000;  // Set all pins on PORTC as outputs
0x001C	0x6A94      	CLRF        TRISC 
;task_1_led.c,5 :: 		LATC = 0B00000001;  // Initialize PORTC to 0b00000001
0x001E	0x0E01      	MOVLW       1
0x0020	0x6E8B      	MOVWF       LATC 
;task_1_led.c,7 :: 		while (1) {
L_main0:
;task_1_led.c,9 :: 		while (i < 8) {
L_main2:
0x0022	0x0E08      	MOVLW       8
0x0024	0x5C15      	SUBWF       _i, 0 
0x0026	0xE21C      	BC          L_main3
;task_1_led.c,10 :: 		LATC = 1 << i; // shift 1
0x0028	0xF001C015  	MOVFF       _i, R1
0x002C	0x0E01      	MOVLW       1
0x002E	0x6E00      	MOVWF       R0 
0x0030	0x5001      	MOVF        R1, 0 
L__main6:
0x0032	0xE004      	BZ          L__main7
0x0034	0x3600      	RLCF        R0, 1 
0x0036	0x9000      	BCF         R0, 0 
0x0038	0x0FFF      	ADDLW       255
0x003A	0xD7FB      	BRA         L__main6
L__main7:
0x003C	0xFF8BC000  	MOVFF       R0, LATC
;task_1_led.c,11 :: 		delay_ms(1000);
0x0040	0x0E06      	MOVLW       6
0x0042	0x6E0B      	MOVWF       R11, 0
0x0044	0x0E13      	MOVLW       19
0x0046	0x6E0C      	MOVWF       R12, 0
0x0048	0x0EAD      	MOVLW       173
0x004A	0x6E0D      	MOVWF       R13, 0
L_main4:
0x004C	0x2E0D      	DECFSZ      R13, 1, 0
0x004E	0xD7FE      	BRA         L_main4
0x0050	0x2E0C      	DECFSZ      R12, 1, 0
0x0052	0xD7FC      	BRA         L_main4
0x0054	0x2E0B      	DECFSZ      R11, 1, 0
0x0056	0xD7FA      	BRA         L_main4
0x0058	0x0000      	NOP
0x005A	0x0000      	NOP
;task_1_led.c,12 :: 		i++;
0x005C	0x2A15      	INCF        _i, 1 
;task_1_led.c,13 :: 		}
0x005E	0xD7E1      	BRA         L_main2
L_main3:
;task_1_led.c,16 :: 		i = 0;
0x0060	0x6A15      	CLRF        _i 
;task_1_led.c,17 :: 		LATC = 0B00000001;
0x0062	0x0E01      	MOVLW       1
0x0064	0x6E8B      	MOVWF       LATC 
;task_1_led.c,18 :: 		}
0x0066	0xD7DD      	BRA         L_main0
;task_1_led.c,19 :: 		}
L_end_main:
0x0068	0xD7FF      	BRA         $+0
; end of _main
Symbol List:
//** Routines locations **
//ADDRESS    SIZE    PROCEDURE
//----------------------------------------------
0x001C      [78]    _main
//** Variables locations ** 
//ADDRESS    SIZE    VARIABLE
//----------------------------------------------
0x0000       [1]    R0
0x0001       [1]    R1
0x0002       [1]    R2
0x0003       [1]    R3
0x0004       [1]    R4
0x0005       [1]    R5
0x0006       [1]    R6
0x0007       [1]    R7
0x0008       [1]    R8
0x0009       [1]    R9
0x000A       [1]    R10
0x000B       [1]    R11
0x000C       [1]    R12
0x000D       [1]    R13
0x000E       [1]    R14
0x000F       [1]    R15
0x0010       [1]    R16
0x0011       [1]    R17
0x0012       [1]    R18
0x0013       [1]    R19
0x0014       [1]    R20
0x0015       [1]    _i
0x0F8B       [1]    LATC
0x0F94       [1]    TRISC
0x0FD8       [1]    STATUS
0x0FD9       [1]    FSR2L
0x0FDA       [1]    FSR2H
0x0FDE       [1]    POSTINC2
0x0FE0       [1]    BSR
0x0FE1       [1]    FSR1L
0x0FE2       [1]    FSR1H
0x0FE4       [1]    PREINC1
0x0FE6       [1]    POSTINC1
0x0FE7       [1]    INDF1
0x0FE8       [1]    WREG
0x0FE9       [1]    FSR0L
0x0FEA       [1]    FSR0H
0x0FEE       [1]    POSTINC0
0x0FF3       [1]    PRODL
0x0FF4       [1]    PRODH
0x0FF5       [1]    TABLAT
0x0FF6       [1]    TBLPTRL
0x0FF7       [1]    TBLPTRH
0x0FF8       [1]    TBLPTRU
