;  LST file generated by mikroListExporter - v.2.0 
; Date/Time: 12/08/2024 03:43:17 ã
;----------------------------------------------

;Address Opcode 	ASM
0x0000	0xF000EF16  	GOTO        44
0x0004	0x0000      	NOP
0x0006	0x0000      	NOP
0x0008	0xF000EF00  	GOTO        0
0x000C	0x0000      	NOP
0x000E	0x0000      	NOP
0x0010	0x0000      	NOP
0x0012	0x0000      	NOP
0x0014	0x0000      	NOP
0x0016	0x0000      	NOP
0x0018	0xD7F3      	BRA         0
___CC2DW:
;__Lib_System.c,21 :: 		
;__Lib_System.c,23 :: 		
_CC2DL_Loop1:
;__Lib_System.c,24 :: 		
0x001C	0x0009      	TBLRD*+
;__Lib_System.c,25 :: 		
0x001E	0xFFE6CFF5  	MOVFF       TABLAT, POSTINC1
;__Lib_System.c,26 :: 		
0x0022	0x0600      	DECF        R0, 1, 0
;__Lib_System.c,27 :: 		
0x0024	0xE1FB      	BNZ         _CC2DL_Loop1
;__Lib_System.c,28 :: 		
0x0026	0x0601      	DECF        R1, 1, 0
;__Lib_System.c,29 :: 		
0x0028	0xE1F9      	BNZ         _CC2DL_Loop1
;__Lib_System.c,31 :: 		
L_end___CC2DW:
0x002A	0x0012      	RETURN      0
; end of ___CC2DW
_main:
;stop_watch.c,1 :: 		void main() {
;stop_watch.c,2 :: 		char state= 0 ;
0x002C	0x0E72      	MOVLW       ?ICSmain_state_L0
0x002E	0x6EF6      	MOVWF       4086 
0x0030	0x0E01      	MOVLW       hi_addr(?ICSmain_state_L0)
0x0032	0x6EF7      	MOVWF       TBLPTRH 
0x0034	0x0E00      	MOVLW       higher_addr(?ICSmain_state_L0)
0x0036	0x6EF8      	MOVWF       TBLPTRU 
0x0038	0x0E15      	MOVLW       main_state_L0
0x003A	0x6EE1      	MOVWF       FSR1L 
0x003C	0x0E00      	MOVLW       hi_addr(main_state_L0)
0x003E	0x6EE2      	MOVWF       FSR1H 
0x0040	0x0E1F      	MOVLW       31
0x0042	0x6E00      	MOVWF       R0 
0x0044	0x0E01      	MOVLW       1
0x0046	0x6E01      	MOVWF       R1 
0x0048	0xDFE9      	RCALL       ___CC2DW
;stop_watch.c,11 :: 		trisd=0;
0x004A	0x6A95      	CLRF        TRISD 
;stop_watch.c,12 :: 		trisb=0;
0x004C	0x6A93      	CLRF        TRISB 
;stop_watch.c,13 :: 		trisc=0;
0x004E	0x6A94      	CLRF        TRISC 
;stop_watch.c,14 :: 		TRISc.RC7= 1 ;
0x0050	0x8E94      	BSF         TRISC, 7 
;stop_watch.c,15 :: 		TRISB.RB7= 1 ;
0x0052	0x8E93      	BSF         TRISB, 7 
;stop_watch.c,16 :: 		TRISD.RD7= 1 ;
0x0054	0x8E95      	BSF         TRISD, 7 
;stop_watch.c,17 :: 		trisa.RA0=0;
0x0056	0x9092      	BCF         TRISA, 0 
;stop_watch.c,19 :: 		while(1)
L_main0:
;stop_watch.c,21 :: 		if (state && PORTD.RD7) {
0x0058	0x5215      	MOVF        main_state_L0, 1 
0x005A	0xE023      	BZ          L_main4
0x005C	0xAE83      	BTFSS       PORTD, 7 
0x005E	0xD021      	BRA         L_main4
L__main16:
;stop_watch.c,22 :: 		sec1 = 0;
0x0060	0x6A16      	CLRF        main_sec1_L0 
;stop_watch.c,23 :: 		sec2 = 0;
0x0062	0x6A01      	CLRF        R1 
;stop_watch.c,24 :: 		min = 0;
0x0064	0x6A17      	CLRF        main_min_L0 
;stop_watch.c,25 :: 		LATB = seg_sec1[sec1];
0x0066	0x0E23      	MOVLW       main_seg_sec1_L0
0x0068	0x6EE9      	MOVWF       FSR0L 
0x006A	0x0E00      	MOVLW       hi_addr(main_seg_sec1_L0)
0x006C	0x6EEA      	MOVWF       FSR0H 
0x006E	0x5016      	MOVF        main_sec1_L0, 0 
0x0070	0x26E9      	ADDWF       FSR0L, 1 
0x0072	0xB0D8      	BTFSC       STATUS, 0 
0x0074	0x2AEA      	INCF        FSR0H, 1 
0x0076	0xFF8ACFEE  	MOVFF       POSTINC0, LATB
;stop_watch.c,26 :: 		LATC = seg_sec2[sec2];
0x007A	0x0E18      	MOVLW       main_seg_sec2_L0
0x007C	0x6EE9      	MOVWF       FSR0L 
0x007E	0x0E00      	MOVLW       hi_addr(main_seg_sec2_L0)
0x0080	0x6EEA      	MOVWF       FSR0H 
0x0082	0x5001      	MOVF        R1, 0 
0x0084	0x26E9      	ADDWF       FSR0L, 1 
0x0086	0xB0D8      	BTFSC       STATUS, 0 
0x0088	0x2AEA      	INCF        FSR0H, 1 
0x008A	0xFF8BCFEE  	MOVFF       POSTINC0, LATC
;stop_watch.c,27 :: 		LATD = seg_min[min];
0x008E	0x0E2A      	MOVLW       main_seg_min_L0
0x0090	0x6EE9      	MOVWF       FSR0L 
0x0092	0x0E00      	MOVLW       hi_addr(main_seg_min_L0)
0x0094	0x6EEA      	MOVWF       FSR0H 
0x0096	0x5017      	MOVF        main_min_L0, 0 
0x0098	0x26E9      	ADDWF       FSR0L, 1 
0x009A	0xB0D8      	BTFSC       STATUS, 0 
0x009C	0x2AEA      	INCF        FSR0H, 1 
0x009E	0xFF8CCFEE  	MOVFF       POSTINC0, LATD
;stop_watch.c,28 :: 		}
L_main4:
;stop_watch.c,29 :: 		if (PORTB.RB7 == 1  )
0x00A2	0xAE81      	BTFSS       PORTB, 7 
0x00A4	0xD046      	BRA         L_main5
;stop_watch.c,32 :: 		while (sec2 <= 10)
L_main6:
0x00A6	0x5001      	MOVF        R1, 0 
0x00A8	0x080A      	SUBLW       10
0x00AA	0xE343      	BNC         L_main7
;stop_watch.c,34 :: 		sec2++;  // Increment the loop variable
0x00AC	0x2A01      	INCF        R1, 1 
;stop_watch.c,35 :: 		LATD = seg_sec2[sec2];
0x00AE	0x0E18      	MOVLW       main_seg_sec2_L0
0x00B0	0x6EE9      	MOVWF       FSR0L 
0x00B2	0x0E00      	MOVLW       hi_addr(main_seg_sec2_L0)
0x00B4	0x6EEA      	MOVWF       FSR0H 
0x00B6	0x5001      	MOVF        R1, 0 
0x00B8	0x26E9      	ADDWF       FSR0L, 1 
0x00BA	0xB0D8      	BTFSC       STATUS, 0 
0x00BC	0x2AEA      	INCF        FSR0H, 1 
0x00BE	0xFF8CCFEE  	MOVFF       POSTINC0, LATD
;stop_watch.c,36 :: 		delay_ms(200);
0x00C2	0x0E02      	MOVLW       2
0x00C4	0x6E0B      	MOVWF       R11, 0
0x00C6	0x0E04      	MOVLW       4
0x00C8	0x6E0C      	MOVWF       R12, 0
0x00CA	0x0EBA      	MOVLW       186
0x00CC	0x6E0D      	MOVWF       R13, 0
L_main8:
0x00CE	0x2E0D      	DECFSZ      R13, 1, 0
0x00D0	0xD7FE      	BRA         L_main8
0x00D2	0x2E0C      	DECFSZ      R12, 1, 0
0x00D4	0xD7FC      	BRA         L_main8
0x00D6	0x2E0B      	DECFSZ      R11, 1, 0
0x00D8	0xD7FA      	BRA         L_main8
0x00DA	0x0000      	NOP
;stop_watch.c,38 :: 		if (sec2 == 10)
0x00DC	0x5001      	MOVF        R1, 0 
0x00DE	0x0A0A      	XORLW       10
0x00E0	0xE10C      	BNZ         L_main9
;stop_watch.c,40 :: 		sec2 = 0;
0x00E2	0x6A01      	CLRF        R1 
;stop_watch.c,41 :: 		sec1++;
0x00E4	0x2A16      	INCF        main_sec1_L0, 1 
;stop_watch.c,42 :: 		LATB = seg_sec1[sec1];
0x00E6	0x0E23      	MOVLW       main_seg_sec1_L0
0x00E8	0x6EE9      	MOVWF       FSR0L 
0x00EA	0x0E00      	MOVLW       hi_addr(main_seg_sec1_L0)
0x00EC	0x6EEA      	MOVWF       FSR0H 
0x00EE	0x5016      	MOVF        main_sec1_L0, 0 
0x00F0	0x26E9      	ADDWF       FSR0L, 1 
0x00F2	0xB0D8      	BTFSC       STATUS, 0 
0x00F4	0x2AEA      	INCF        FSR0H, 1 
0x00F6	0xFF8ACFEE  	MOVFF       POSTINC0, LATB
;stop_watch.c,44 :: 		}
L_main9:
;stop_watch.c,45 :: 		if(sec1 == 6 && sec2== 0 )
0x00FA	0x5016      	MOVF        main_sec1_L0, 0 
0x00FC	0x0A06      	XORLW       6
0x00FE	0xE10F      	BNZ         L_main12
0x0100	0x5001      	MOVF        R1, 0 
0x0102	0x0A00      	XORLW       0
0x0104	0xE10C      	BNZ         L_main12
L__main15:
;stop_watch.c,47 :: 		sec1= 0 ;
0x0106	0x6A16      	CLRF        main_sec1_L0 
;stop_watch.c,48 :: 		min++;
0x0108	0x2A17      	INCF        main_min_L0, 1 
;stop_watch.c,49 :: 		LATC = seg_min[min];
0x010A	0x0E2A      	MOVLW       main_seg_min_L0
0x010C	0x6EE9      	MOVWF       FSR0L 
0x010E	0x0E00      	MOVLW       hi_addr(main_seg_min_L0)
0x0110	0x6EEA      	MOVWF       FSR0H 
0x0112	0x5017      	MOVF        main_min_L0, 0 
0x0114	0x26E9      	ADDWF       FSR0L, 1 
0x0116	0xB0D8      	BTFSC       STATUS, 0 
0x0118	0x2AEA      	INCF        FSR0H, 1 
0x011A	0xFF8BCFEE  	MOVFF       POSTINC0, LATC
;stop_watch.c,50 :: 		}
L_main12:
;stop_watch.c,53 :: 		if (min == 10 ){
0x011E	0x5017      	MOVF        main_min_L0, 0 
0x0120	0x0A0A      	XORLW       10
0x0122	0xB4D8      	BTFSC       STATUS, 2 
;stop_watch.c,54 :: 		min =0;
0x0124	0x6A17      	CLRF        main_min_L0 
;stop_watch.c,55 :: 		}
L_main13:
;stop_watch.c,57 :: 		if (PORTC.RC7 == 1  )
0x0126	0xAE82      	BTFSS       PORTC, 7 
0x0128	0xD003      	BRA         L_main14
;stop_watch.c,59 :: 		state= 1;
0x012A	0x0E01      	MOVLW       1
0x012C	0x6E15      	MOVWF       main_state_L0 
;stop_watch.c,60 :: 		break;
0x012E	0xD001      	BRA         L_main7
;stop_watch.c,63 :: 		}
L_main14:
;stop_watch.c,64 :: 		}
0x0130	0xD7BA      	BRA         L_main6
L_main7:
;stop_watch.c,65 :: 		}
L_main5:
;stop_watch.c,67 :: 		LATB = seg_sec1[sec1];
0x0132	0x0E23      	MOVLW       main_seg_sec1_L0
0x0134	0x6EE9      	MOVWF       FSR0L 
0x0136	0x0E00      	MOVLW       hi_addr(main_seg_sec1_L0)
0x0138	0x6EEA      	MOVWF       FSR0H 
0x013A	0x5016      	MOVF        main_sec1_L0, 0 
0x013C	0x26E9      	ADDWF       FSR0L, 1 
0x013E	0xB0D8      	BTFSC       STATUS, 0 
0x0140	0x2AEA      	INCF        FSR0H, 1 
0x0142	0xFF8ACFEE  	MOVFF       POSTINC0, LATB
;stop_watch.c,68 :: 		LATD = seg_sec2[sec2];
0x0146	0x0E18      	MOVLW       main_seg_sec2_L0
0x0148	0x6EE9      	MOVWF       FSR0L 
0x014A	0x0E00      	MOVLW       hi_addr(main_seg_sec2_L0)
0x014C	0x6EEA      	MOVWF       FSR0H 
0x014E	0x5001      	MOVF        R1, 0 
0x0150	0x26E9      	ADDWF       FSR0L, 1 
0x0152	0xB0D8      	BTFSC       STATUS, 0 
0x0154	0x2AEA      	INCF        FSR0H, 1 
0x0156	0xFF8CCFEE  	MOVFF       POSTINC0, LATD
;stop_watch.c,69 :: 		LATC = seg_min[min];
0x015A	0x0E2A      	MOVLW       main_seg_min_L0
0x015C	0x6EE9      	MOVWF       FSR0L 
0x015E	0x0E00      	MOVLW       hi_addr(main_seg_min_L0)
0x0160	0x6EEA      	MOVWF       FSR0H 
0x0162	0x5017      	MOVF        main_min_L0, 0 
0x0164	0x26E9      	ADDWF       FSR0L, 1 
0x0166	0xB0D8      	BTFSC       STATUS, 0 
0x0168	0x2AEA      	INCF        FSR0H, 1 
0x016A	0xFF8BCFEE  	MOVFF       POSTINC0, LATC
;stop_watch.c,70 :: 		}
0x016E	0xD774      	BRA         L_main0
;stop_watch.c,78 :: 		}
L_end_main:
0x0170	0xD7FF      	BRA         $+0
; end of _main
;stop_watch.c,0 :: ?ICSmain_state_L0
0x0172	0x00 ;?ICSmain_state_L0+0
; end of ?ICSmain_state_L0
;stop_watch.c,0 :: ?ICSmain_sec1_L0
0x0173	0x00 ;?ICSmain_sec1_L0+0
; end of ?ICSmain_sec1_L0
;stop_watch.c,0 :: ?ICSmain_min_L0
0x0174	0x00 ;?ICSmain_min_L0+0
; end of ?ICSmain_min_L0
;stop_watch.c,0 :: ?ICSmain_seg_sec2_L0
0x0175	0x3F3F ;?ICSmain_seg_sec2_L0+0
0x0177	0x5B06 ;?ICSmain_seg_sec2_L0+2
0x0179	0x664F ;?ICSmain_seg_sec2_L0+4
0x017B	0x7D6D ;?ICSmain_seg_sec2_L0+6
0x017D	0x7F07 ;?ICSmain_seg_sec2_L0+8
0x017F	0x6F ;?ICSmain_seg_sec2_L0+10
; end of ?ICSmain_seg_sec2_L0
;stop_watch.c,0 :: ?ICSmain_seg_sec1_L0
0x0180	0x063F ;?ICSmain_seg_sec1_L0+0
0x0182	0x4F5B ;?ICSmain_seg_sec1_L0+2
0x0184	0x6D66 ;?ICSmain_seg_sec1_L0+4
0x0186	0x3F ;?ICSmain_seg_sec1_L0+6
; end of ?ICSmain_seg_sec1_L0
;stop_watch.c,0 :: ?ICSmain_seg_min_L0
0x0187	0x063F ;?ICSmain_seg_min_L0+0
0x0189	0x4F5B ;?ICSmain_seg_min_L0+2
0x018B	0x6D66 ;?ICSmain_seg_min_L0+4
0x018D	0x077D ;?ICSmain_seg_min_L0+6
0x018F	0x6F7F ;?ICSmain_seg_min_L0+8
; end of ?ICSmain_seg_min_L0
Symbol List:
//** Routines locations **
//ADDRESS    SIZE    PROCEDURE
//----------------------------------------------
0x001C      [16]    ___CC2DW
0x002C     [326]    _main
//** Variables locations ** 
//ADDRESS    SIZE    VARIABLE
//----------------------------------------------
0x0000       [1]    __Lib_SoftI2C_PutZerosToLATSda_temp_sda_L0
0x0000       [1]    SPI1_Write_tmp_L0
0x0000       [1]    FLASH_Erase_64_SaveINTCON_L0
0x0000       [1]    EEPROM_Write_SaveINTCON_L0
0x0000       [1]    R0
0x0000       [1]    UART1_Init_tmp_L0
0x0000       [1]    __Lib_SoftI2C_PutZerosToLATScl_temp_scl_L0
0x0001       [1]    UART1_Read___tmp_UART1_Read_L0
0x0001       [1]    __Lib_TFT_16bit_JPEG_FileReadBytes_Result_L0
0x0001       [1]    __Lib_TFT_JPEG_FileReadBytes_Result_L0
0x0001       [1]    FLASH_Write_32_i_L0
0x0001       [2]    FLASH_Read_N_Bytes_i_L0
0x0001       [1]    __Lib_TFT_16bit_JPEG_FileRead_i_L0
0x0001       [1]    __Lib_TFT_JPEG_FileRead_i_L0
0x0001       [1]    R1
0x0001       [1]    main_sec2_L0
0x0001       [1]    __Lib_PS2_Wait_Falling_nsample_L0
0x0001       [1]    ispunct_rslt_L0
0x0001       [1]    FLASH_Erase_Write_64_i_L0
0x0001       [1]    __Lib_USB_genHID_?FLOC____Lib_USB_genHID_USB_Handle_BusyT1
0x0002       [2]    memcpy_dd_L0
0x0002       [1]    FLASH_Erase_Write_64_j_L0
0x0002       [1]    R2
0x0002       [2]    memchr_s_L0
0x0002       [1]    FLASH_Write_32_SaveINTCON_L0
0x0002       [2]    memset_pp_L0
0x0002       [1]    __Lib_USB_genHID_USB_CtrlTrf_Rx_Service_byteToRead_L0
0x0002       [2]    strlen_cp_L0
0x0003       [2]    MM_TotalFreeMemSize_Tot_L0
0x0003       [2]    memmove_tt_L0
0x0003       [2]    __Lib_MmcFat16_f16_toInt_l_L0
0x0003       [1]    FLASH_Erase_Write_64_SaveINTCON_L0
0x0003       [1]    __Lib_Sprinti_?FLOC____Lib_Sprinti_Do_FillT29
0x0003       [1]    R3
0x0003       [2]    __Lib_USB_genHID_USB_CtrlTrf_Tx_Service_byteToSend_L0
0x0003       [1]    MM_Init_i_L0
0x0003       [2]    Ltrim_original_L0
0x0003       [1]    __Lib_USB_genHID_USB_CtrlTrf_Rx_Service_i_L0
0x0004       [2]    frexp_pom_L0
0x0004       [2]    strcat_cp_L0
0x0004       [1]    R4
0x0004       [2]    __Lib_USB_genHID_USB_Get_Status_Handler_p_L2
0x0004       [2]    strcpy_cp_L0
0x0004       [1]    __Lib_Sprinti_?FLOC____Lib_Sprinti_Do_FillT40
0x0004       [2]    strncat_cp_L0
0x0004       [2]    strncpy_cp_L0
0x0004       [2]    __Lib_MemManager_MM_GetMemAlign_P_L0
0x0004       [2]    __Lib_USB_genHID_USB_Std_Feature_Req_Handler_p_L0
0x0004       [1]    __Lib_USB_genHID_GetMaxIndexInDevDsc_index_L0
0x0004       [2]    memcpy_ss_L0
0x0004       [2]    __Lib_USB_genHID_USB_Transfer_Packet_handle_L0
0x0005       [1]    R5
0x0005       [1]    MM_TotalFreeMemSize_i_L0
0x0005       [2]    Ltrim_p_L0
0x0005       [2]    memmove_ff_L0
0x0005       [2]    LongWordToHex_input_half_L0
0x0005       [1]    __Lib_Sprinti_?FLOC____Lib_Sprinti_Do_FillT54
0x0005       [2]    LongIntToHex_input_half_L0
0x0006       [1]    __Lib_MemManager_MM_GetMemAlign_i_L0
0x0006       [1]    R6
0x0006       [2]    __Lib_USB_genHID_GetMaxIndexInConfigDsc_totalLen_L0
0x0006       [1]    __Lib_Sprinti_?FLOC____Lib_Sprinti_Do_FillT69
0x0007       [1]    R7
0x0007       [1]    __Lib_TFT_16bit_JPEG_GenerateHuffmanTables_bLength_L0
0x0007       [1]    __Lib_TFT_JPEG_GenerateHuffmanTables_bLength_L0
0x0008       [1]    __Lib_TFT_JPEG_GenerateHuffmanTables_bTable_L0
0x0008       [1]    __Lib_TFT_16bit_JPEG_GenerateHuffmanTables_bTable_L0
0x0008       [1]    R8
0x0008       [3]    __Lib_USB_genHID_GetMaxIndexInConfigDsc_ptr_L0
0x0009       [4]    __Lib_MmcFat16_f16_toLong_l_L0
0x0009       [1]    R9
0x000A       [1]    R10
0x000B       [1]    R11
0x000C       [1]    R12
0x000D       [1]    R13
0x000E       [1]    R14
0x000F       [1]    R15
0x0010       [1]    R16
0x0011       [1]    R17
0x0012       [1]    R18
0x0013       [1]    R19
0x0014       [1]    R20
0x0015       [1]    main_state_L0
0x0016       [1]    main_sec1_L0
0x0017       [1]    main_min_L0
0x0018      [11]    main_seg_sec2_L0
0x0023       [7]    main_seg_sec1_L0
0x002A      [10]    main_seg_min_L0
0x0F81       [1]    PORTB
0x0F82       [1]    PORTC
0x0F83       [1]    PORTD
0x0F8A       [1]    LATB
0x0F8B       [1]    LATC
0x0F8C       [1]    LATD
0x0F92       [1]    TRISA
0x0F93       [1]    TRISB
0x0F94       [1]    TRISC
0x0F95       [1]    TRISD
0x0FD8       [1]    STATUS
0x0FD9       [1]    FSR2L
0x0FDA       [1]    FSR2H
0x0FDE       [1]    POSTINC2
0x0FE0       [1]    BSR
0x0FE1       [1]    FSR1L
0x0FE2       [1]    FSR1H
0x0FE4       [1]    PREINC1
0x0FE6       [1]    POSTINC1
0x0FE7       [1]    INDF1
0x0FE8       [1]    WREG
0x0FE9       [1]    FSR0L
0x0FEA       [1]    FSR0H
0x0FEE       [1]    POSTINC0
0x0FF3       [1]    PRODL
0x0FF4       [1]    PRODH
0x0FF5       [1]    TABLAT
0x0FF6       [1]    TBLPTRL
0x0FF7       [1]    TBLPTRH
0x0FF8       [1]    TBLPTRU
//** Constants locations ** 
//ADDRESS    SIZE    CONSTANT
//----------------------------------------------
0x0172       [1]    ?ICSmain_state_L0
0x0173       [1]    ?ICSmain_sec1_L0
0x0174       [1]    ?ICSmain_min_L0
0x0175      [11]    ?ICSmain_seg_sec2_L0
0x0180       [7]    ?ICSmain_seg_sec1_L0
0x0187      [10]    ?ICSmain_seg_min_L0
